*PADS-PCB*
*PART*
C1     CAPC1608X95N
C2     CAPC1608X95N
C3     CAPC1608X95N
C4     CAPC1608X95N
C5     CAPC2012X145N
C6     CAPC2012X145N
C7     CAPC1608X95N
C8     CAPC1608X95N
C9     CAPAE4643X54M
C10    CAPAE4643X54M
C11    CAPC1608X95N
C12    CAPC1608X95N
C13    CAPC1608X95N
C14    CAPC1608X95N
D1     WL-SMCW_0805
D2     WL-SMCW_0805
D3     WL-SMCW_0805
D4     WL-SMCW_0805
D5     WL-SMCW_0805
D6     DQA R-PUSON-N10
D7     DQA R-PUSON-N10
D8     SOD-123
D9     SOD-123
D10    SOD-123
IC1    SILABS_CP2102N-A02-GQFN20R
L1     INDP5050X39N
L2     INDC1608X95AN
L3     INDC1608X95AN
NPN1   Fiducial_1mm
NPN2   Fiducial_1mm
NPN3   Fiducial_1mm
NPN4   Fiducial_1mm
NPN5   Fiducial_1mm
NPN6   Fiducial_1mm
NPN7   Fiducial_1mm
NPN8   Fiducial_1mm
R1     RESC2012X70N
R2     RESC2012X70N
R3     RESC1608X55N
R4     RESC1608X55N
R5     RESC2012X70N
R6     PTV09
R7     RESC1608X55N
R8     RESC2012X70N
R9     RESC1608X55N
R10    RESC1608X55N
R12    RESC2012X70N
R13    PTV09
R14    RESC2012X70N
R15    RESC1608X55AN
R16    RESC1608X55AN
R17    RESC1608X55AN
R18    RESC1608X55N
R19    RESC1608X55N
R20    RESC1608X55N
R21    RESC1608X55N
R22    RESC1608X55N
R23    RESC1608X55N
R24    RESC2012X70N
S1     UK-B0228-G5-160-JZ
S2     UK-B0228-G5-160-JZ
S3     UK-B0228-G5-160-JZ
S4     UK-B0228-G5-160-JZ
S5     UK-B0228-G5-160-JZ
TP2    TP_0.7mm
TP3    TP_0.7mm
VR1    SOT95P280X135-3N_123
X1     61301211821_NO
X2     61301211821_NO
X3     PAD_1.1_1.6
X4     PAD_1.1_1.6
X5     PAD_1.1_1.6
X6     PAD_1.1_1.6
X7     PAD_1.1_1.6
X8     PAD_1.1_1.6
X9     PAD_1.1_1.6
X10    PAD_1.1_1.6
X11    PAD_1.1_1.6
X12    PAD_1.1_1.6
X13    PAD_1.1_1.6
X14    PAD_1.1_1.6
X15    PAD_1.1_1.6
X16    PAD_1.1_1.6
X17    PAD_1.1_1.6
X18    PAD_1.1_1.6
X19    PAD_1.1_1.6
X20    PAD_1.1_1.6
X21    PAD_1.1_1.6
X22    PAD_1.1_1.6
X23    PAD_1.1_1.6
X24    PAD_1.1_1.6
X25    61300211821_NO
X26    61300611821_NO
X27    PAD_1.1_1.6
X28    PAD_1.1_1.6
X29    PAD_1.1_1.6
X30    PAD_1.1_1.6
X31    PAD_1.1_1.6
X32    PAD_1.1_1.6
X33    61300611821_NO
X34    61300611821_NO
X35    PAD_1.1_1.6
X36    PAD_1.1_1.6
X37    PAD_1.1_1.6
X38    PAD_1.1_1.6
X39    PAD_1.1_1.6
X40    PAD_1.1_1.6
X41    CON_HEADER2.54_1x2W
X42    CON_HEADER2.54_1x2W
X43    CON_HEADER2.54_1x2W
X44    USB-Micro-B-RA-SMD-PiP
X45    HDR_2x5-SMD-1.27mm-K
X46    USB-Micro-B-RA-SMD-PiP
X47    JST_B2B-XH-A_(LF)(SN)
X48    PAD_1.1_1.6
X49    PAD_1.1_1.6
X50    PAD_1.1_1.6
X51    PAD_1.1_1.6
X52    PAD_1.1_1.6
X53    PAD_1.1_1.6
X54    PAD_1.1_1.6
X55    PAD_1.1_1.6
X56    PAD_1.1_1.6
X57    PAD_1.1_1.6
X58    PAD_1.1_1.6
X59    PAD_1.1_1.6
X60    PAD_1.1_1.6
X61    PAD_1.1_1.6
X62    PAD_1.1_1.6
X63    PAD_1.1_1.6
X64    PAD_1.1_1.6
X65    PAD_1.1_1.6
X66    CON_HEADER2.54_1x2W
*END*
