*PADS-PCB*
*PART*
C1     CAPC1005X55
C2     CAPC1005X55
C3     CAPC1005X55
C4     CAPC1005X55
C5     CAPC1005X55
C7     CAPC1608X95N
C8     CAPC1608X95N
C9     CAPC1608X95N
C10    CAPC1608X95N
D1     WL-SMCW_0805
IC1    LQFP-48_7x7x05P
NPN1   Fiducial_1mm
NPN2   Fiducial_1mm
NPN3   Fiducial_1mm
R1     RESC2012X70N
R2     RESC1608X55N
R3     RESC1608X55N
R4     RESC1005X40N
X1     61301211121_no
X2     61301211121_no
X3     61300611121_no
X4     61300611121_no
X5     61300611121_no
X7     CON_HEADER2.54_1x2W_no
Y1     SMD-5032_2P
Y2     SMD-3215_2P FC - 135
*END*
